{"/Users/samuelhatcliff/Desktop/code-practice/express/express-pg/app.js": {"path":"/Users/samuelhatcliff/Desktop/code-practice/express/express-pg/app.js","statementMap":{"0":{"start":{"line":4,"column":16},"end":{"line":4,"column":34}},"1":{"start":{"line":5,"column":24},"end":{"line":5,"column":66}},"2":{"start":{"line":6,"column":23},"end":{"line":6,"column":63}},"3":{"start":{"line":7,"column":12},"end":{"line":7,"column":21}},"4":{"start":{"line":8,"column":21},"end":{"line":8,"column":46}},"5":{"start":{"line":10,"column":0},"end":{"line":10,"column":24}},"6":{"start":{"line":11,"column":0},"end":{"line":11,"column":39}},"7":{"start":{"line":12,"column":0},"end":{"line":12,"column":37}},"8":{"start":{"line":15,"column":0},"end":{"line":18,"column":3}},"9":{"start":{"line":16,"column":14},"end":{"line":16,"column":48}},"10":{"start":{"line":17,"column":2},"end":{"line":17,"column":19}},"11":{"start":{"line":22,"column":0},"end":{"line":29,"column":3}},"12":{"start":{"line":23,"column":2},"end":{"line":23,"column":32}},"13":{"start":{"line":25,"column":2},"end":{"line":28,"column":5}},"14":{"start":{"line":32,"column":0},"end":{"line":32,"column":21}}},"fnMap":{"0":{"name":"(anonymous_0)","decl":{"start":{"line":15,"column":8},"end":{"line":15,"column":9}},"loc":{"start":{"line":15,"column":34},"end":{"line":18,"column":1}},"line":15},"1":{"name":"(anonymous_1)","decl":{"start":{"line":22,"column":8},"end":{"line":22,"column":9}},"loc":{"start":{"line":22,"column":33},"end":{"line":29,"column":1}},"line":22}},"branchMap":{"0":{"loc":{"start":{"line":23,"column":13},"end":{"line":23,"column":30}},"type":"binary-expr","locations":[{"start":{"line":23,"column":13},"end":{"line":23,"column":23}},{"start":{"line":23,"column":27},"end":{"line":23,"column":30}}],"line":23}},"s":{"0":2,"1":2,"2":2,"3":2,"4":2,"5":2,"6":2,"7":2,"8":2,"9":0,"10":0,"11":2,"12":6,"13":6,"14":2},"f":{"0":0,"1":6},"b":{"0":[6,0]},"_coverageSchema":"1a1c01bbd47fc00a2c39e90264f33305004495a9","hash":"e944c1ca184ea5914345ac7f8563899408fd576a"}
,"/Users/samuelhatcliff/Desktop/code-practice/express/express-pg/db.js": {"path":"/Users/samuelhatcliff/Desktop/code-practice/express/express-pg/db.js","statementMap":{"0":{"start":{"line":3,"column":19},"end":{"line":3,"column":32}},"1":{"start":{"line":5,"column":0},"end":{"line":9,"column":1}},"2":{"start":{"line":6,"column":4},"end":{"line":6,"column":42}},"3":{"start":{"line":8,"column":4},"end":{"line":8,"column":37}},"4":{"start":{"line":11,"column":9},"end":{"line":13,"column":2}},"5":{"start":{"line":15,"column":0},"end":{"line":15,"column":13}},"6":{"start":{"line":16,"column":0},"end":{"line":16,"column":20}}},"fnMap":{},"branchMap":{"0":{"loc":{"start":{"line":5,"column":0},"end":{"line":9,"column":1}},"type":"if","locations":[{"start":{"line":5,"column":0},"end":{"line":9,"column":1}},{"start":{"line":7,"column":7},"end":{"line":9,"column":1}}],"line":5}},"s":{"0":2,"1":2,"2":2,"3":0,"4":2,"5":2,"6":2},"f":{},"b":{"0":[2,0]},"_coverageSchema":"1a1c01bbd47fc00a2c39e90264f33305004495a9","hash":"399bddadf09ae6da71ecea41979892b840b2dd15"}
,"/Users/samuelhatcliff/Desktop/code-practice/express/express-pg/expressError.js": {"path":"/Users/samuelhatcliff/Desktop/code-practice/express/express-pg/expressError.js","statementMap":{"0":{"start":{"line":9,"column":4},"end":{"line":9,"column":12}},"1":{"start":{"line":10,"column":4},"end":{"line":10,"column":27}},"2":{"start":{"line":11,"column":4},"end":{"line":11,"column":25}},"3":{"start":{"line":12,"column":4},"end":{"line":12,"column":30}},"4":{"start":{"line":17,"column":0},"end":{"line":17,"column":30}}},"fnMap":{"0":{"name":"(anonymous_0)","decl":{"start":{"line":8,"column":2},"end":{"line":8,"column":3}},"loc":{"start":{"line":8,"column":31},"end":{"line":13,"column":3}},"line":8}},"branchMap":{},"s":{"0":6,"1":6,"2":6,"3":6,"4":2},"f":{"0":6},"b":{},"_coverageSchema":"1a1c01bbd47fc00a2c39e90264f33305004495a9","hash":"4a92a86c88d4c21062d9659e53bcb45fa40e9d90"}
,"/Users/samuelhatcliff/Desktop/code-practice/express/express-pg/routes/companies/companies.js": {"path":"/Users/samuelhatcliff/Desktop/code-practice/express/express-pg/routes/companies/companies.js","statementMap":{"0":{"start":{"line":1,"column":16},"end":{"line":1,"column":34}},"1":{"start":{"line":2,"column":21},"end":{"line":2,"column":50}},"2":{"start":{"line":3,"column":15},"end":{"line":3,"column":35}},"3":{"start":{"line":4,"column":11},"end":{"line":4,"column":30}},"4":{"start":{"line":6,"column":0},"end":{"line":15,"column":2}},"5":{"start":{"line":8,"column":4},"end":{"line":14,"column":5}},"6":{"start":{"line":9,"column":24},"end":{"line":10,"column":38}},"7":{"start":{"line":11,"column":8},"end":{"line":11,"column":52}},"8":{"start":{"line":13,"column":8},"end":{"line":13,"column":24}},"9":{"start":{"line":17,"column":0},"end":{"line":34,"column":2}},"10":{"start":{"line":19,"column":4},"end":{"line":33,"column":5}},"11":{"start":{"line":20,"column":25},"end":{"line":20,"column":35}},"12":{"start":{"line":21,"column":24},"end":{"line":22,"column":62}},"13":{"start":{"line":23,"column":8},"end":{"line":25,"column":9}},"14":{"start":{"line":24,"column":12},"end":{"line":24,"column":82}},"15":{"start":{"line":26,"column":25},"end":{"line":26,"column":94}},"16":{"start":{"line":27,"column":27},"end":{"line":27,"column":67}},"17":{"start":{"line":27,"column":56},"end":{"line":27,"column":66}},"18":{"start":{"line":28,"column":38},"end":{"line":28,"column":53}},"19":{"start":{"line":29,"column":23},"end":{"line":29,"column":87}},"20":{"start":{"line":30,"column":8},"end":{"line":30,"column":31}},"21":{"start":{"line":32,"column":8},"end":{"line":32,"column":24}},"22":{"start":{"line":36,"column":0},"end":{"line":45,"column":2}},"23":{"start":{"line":38,"column":4},"end":{"line":44,"column":5}},"24":{"start":{"line":39,"column":44},"end":{"line":39,"column":52}},"25":{"start":{"line":40,"column":24},"end":{"line":40,"column":170}},"26":{"start":{"line":41,"column":8},"end":{"line":41,"column":65}},"27":{"start":{"line":43,"column":8},"end":{"line":43,"column":22}},"28":{"start":{"line":47,"column":0},"end":{"line":62,"column":2}},"29":{"start":{"line":49,"column":4},"end":{"line":61,"column":5}},"30":{"start":{"line":50,"column":25},"end":{"line":50,"column":35}},"31":{"start":{"line":51,"column":38},"end":{"line":51,"column":46}},"32":{"start":{"line":52,"column":24},"end":{"line":53,"column":134}},"33":{"start":{"line":54,"column":8},"end":{"line":56,"column":9}},"34":{"start":{"line":55,"column":12},"end":{"line":55,"column":82}},"35":{"start":{"line":57,"column":8},"end":{"line":57,"column":53}},"36":{"start":{"line":60,"column":8},"end":{"line":60,"column":24}},"37":{"start":{"line":64,"column":0},"end":{"line":74,"column":2}},"38":{"start":{"line":66,"column":4},"end":{"line":73,"column":5}},"39":{"start":{"line":67,"column":25},"end":{"line":67,"column":35}},"40":{"start":{"line":68,"column":24},"end":{"line":68,"column":87}},"41":{"start":{"line":69,"column":8},"end":{"line":69,"column":75}},"42":{"start":{"line":69,"column":36},"end":{"line":69,"column":75}},"43":{"start":{"line":70,"column":8},"end":{"line":70,"column":78}},"44":{"start":{"line":72,"column":8},"end":{"line":72,"column":24}},"45":{"start":{"line":80,"column":0},"end":{"line":80,"column":24}}},"fnMap":{"0":{"name":"(anonymous_0)","decl":{"start":{"line":6,"column":16},"end":{"line":6,"column":17}},"loc":{"start":{"line":6,"column":48},"end":{"line":15,"column":1}},"line":6},"1":{"name":"(anonymous_1)","decl":{"start":{"line":17,"column":21},"end":{"line":17,"column":22}},"loc":{"start":{"line":17,"column":53},"end":{"line":34,"column":1}},"line":17},"2":{"name":"(anonymous_2)","decl":{"start":{"line":27,"column":45},"end":{"line":27,"column":46}},"loc":{"start":{"line":27,"column":56},"end":{"line":27,"column":66}},"line":27},"3":{"name":"(anonymous_3)","decl":{"start":{"line":36,"column":17},"end":{"line":36,"column":18}},"loc":{"start":{"line":36,"column":43},"end":{"line":45,"column":1}},"line":36},"4":{"name":"(anonymous_4)","decl":{"start":{"line":47,"column":21},"end":{"line":47,"column":22}},"loc":{"start":{"line":47,"column":47},"end":{"line":62,"column":1}},"line":47},"5":{"name":"(anonymous_5)","decl":{"start":{"line":64,"column":24},"end":{"line":64,"column":25}},"loc":{"start":{"line":64,"column":56},"end":{"line":74,"column":1}},"line":64}},"branchMap":{"0":{"loc":{"start":{"line":23,"column":8},"end":{"line":25,"column":9}},"type":"if","locations":[{"start":{"line":23,"column":8},"end":{"line":25,"column":9}},{"start":{},"end":{}}],"line":23},"1":{"loc":{"start":{"line":54,"column":8},"end":{"line":56,"column":9}},"type":"if","locations":[{"start":{"line":54,"column":8},"end":{"line":56,"column":9}},{"start":{},"end":{}}],"line":54},"2":{"loc":{"start":{"line":69,"column":8},"end":{"line":69,"column":75}},"type":"if","locations":[{"start":{"line":69,"column":8},"end":{"line":69,"column":75}},{"start":{},"end":{}}],"line":69}},"s":{"0":2,"1":2,"2":2,"3":2,"4":2,"5":1,"6":1,"7":1,"8":0,"9":2,"10":2,"11":2,"12":2,"13":2,"14":1,"15":1,"16":1,"17":1,"18":1,"19":1,"20":1,"21":1,"22":2,"23":1,"24":1,"25":1,"26":1,"27":0,"28":2,"29":2,"30":2,"31":2,"32":2,"33":2,"34":1,"35":1,"36":1,"37":2,"38":2,"39":2,"40":2,"41":2,"42":1,"43":1,"44":1,"45":2},"f":{"0":1,"1":2,"2":1,"3":1,"4":2,"5":2},"b":{"0":[1,1],"1":[1,1],"2":[1,1]},"_coverageSchema":"1a1c01bbd47fc00a2c39e90264f33305004495a9","hash":"7d80de7e5502da9323cfd2b827628f9b9aaa613b"}
,"/Users/samuelhatcliff/Desktop/code-practice/express/express-pg/routes/invoices/invoices.js": {"path":"/Users/samuelhatcliff/Desktop/code-practice/express/express-pg/routes/invoices/invoices.js","statementMap":{"0":{"start":{"line":1,"column":16},"end":{"line":1,"column":34}},"1":{"start":{"line":2,"column":15},"end":{"line":2,"column":35}},"2":{"start":{"line":3,"column":21},"end":{"line":3,"column":50}},"3":{"start":{"line":4,"column":11},"end":{"line":4,"column":30}},"4":{"start":{"line":6,"column":0},"end":{"line":15,"column":2}},"5":{"start":{"line":8,"column":4},"end":{"line":14,"column":5}},"6":{"start":{"line":9,"column":24},"end":{"line":10,"column":37}},"7":{"start":{"line":11,"column":8},"end":{"line":11,"column":51}},"8":{"start":{"line":13,"column":8},"end":{"line":13,"column":24}},"9":{"start":{"line":17,"column":0},"end":{"line":31,"column":2}},"10":{"start":{"line":19,"column":4},"end":{"line":30,"column":5}},"11":{"start":{"line":20,"column":23},"end":{"line":20,"column":33}},"12":{"start":{"line":21,"column":24},"end":{"line":22,"column":57}},"13":{"start":{"line":23,"column":8},"end":{"line":27,"column":9}},"14":{"start":{"line":24,"column":12},"end":{"line":24,"column":82}},"15":{"start":{"line":26,"column":12},"end":{"line":26,"column":57}},"16":{"start":{"line":29,"column":8},"end":{"line":29,"column":24}},"17":{"start":{"line":33,"column":0},"end":{"line":45,"column":2}},"18":{"start":{"line":35,"column":4},"end":{"line":44,"column":5}},"19":{"start":{"line":36,"column":35},"end":{"line":36,"column":43}},"20":{"start":{"line":37,"column":24},"end":{"line":37,"column":169}},"21":{"start":{"line":38,"column":8},"end":{"line":40,"column":9}},"22":{"start":{"line":39,"column":12},"end":{"line":39,"column":103}},"23":{"start":{"line":41,"column":8},"end":{"line":41,"column":65}},"24":{"start":{"line":43,"column":8},"end":{"line":43,"column":24}},"25":{"start":{"line":47,"column":0},"end":{"line":61,"column":2}},"26":{"start":{"line":49,"column":4},"end":{"line":60,"column":5}},"27":{"start":{"line":50,"column":24},"end":{"line":50,"column":32}},"28":{"start":{"line":51,"column":23},"end":{"line":51,"column":33}},"29":{"start":{"line":52,"column":24},"end":{"line":53,"column":120}},"30":{"start":{"line":54,"column":8},"end":{"line":56,"column":9}},"31":{"start":{"line":55,"column":12},"end":{"line":55,"column":78}},"32":{"start":{"line":57,"column":8},"end":{"line":57,"column":53}},"33":{"start":{"line":59,"column":8},"end":{"line":59,"column":24}},"34":{"start":{"line":63,"column":0},"end":{"line":77,"column":2}},"35":{"start":{"line":65,"column":4},"end":{"line":76,"column":5}},"36":{"start":{"line":66,"column":23},"end":{"line":66,"column":33}},"37":{"start":{"line":67,"column":30},"end":{"line":68,"column":57}},"38":{"start":{"line":69,"column":29},"end":{"line":69,"column":87}},"39":{"start":{"line":70,"column":8},"end":{"line":72,"column":9}},"40":{"start":{"line":71,"column":12},"end":{"line":71,"column":78}},"41":{"start":{"line":73,"column":8},"end":{"line":73,"column":47}},"42":{"start":{"line":75,"column":8},"end":{"line":75,"column":24}},"43":{"start":{"line":79,"column":0},"end":{"line":79,"column":24}}},"fnMap":{"0":{"name":"(anonymous_0)","decl":{"start":{"line":6,"column":16},"end":{"line":6,"column":17}},"loc":{"start":{"line":6,"column":48},"end":{"line":15,"column":1}},"line":6},"1":{"name":"(anonymous_1)","decl":{"start":{"line":17,"column":19},"end":{"line":17,"column":20}},"loc":{"start":{"line":17,"column":51},"end":{"line":31,"column":1}},"line":17},"2":{"name":"(anonymous_2)","decl":{"start":{"line":33,"column":17},"end":{"line":33,"column":18}},"loc":{"start":{"line":33,"column":43},"end":{"line":45,"column":1}},"line":33},"3":{"name":"(anonymous_3)","decl":{"start":{"line":47,"column":19},"end":{"line":47,"column":20}},"loc":{"start":{"line":47,"column":45},"end":{"line":61,"column":1}},"line":47},"4":{"name":"(anonymous_4)","decl":{"start":{"line":63,"column":22},"end":{"line":63,"column":23}},"loc":{"start":{"line":63,"column":54},"end":{"line":77,"column":1}},"line":63}},"branchMap":{"0":{"loc":{"start":{"line":23,"column":8},"end":{"line":27,"column":9}},"type":"if","locations":[{"start":{"line":23,"column":8},"end":{"line":27,"column":9}},{"start":{"line":25,"column":15},"end":{"line":27,"column":9}}],"line":23},"1":{"loc":{"start":{"line":38,"column":8},"end":{"line":40,"column":9}},"type":"if","locations":[{"start":{"line":38,"column":8},"end":{"line":40,"column":9}},{"start":{},"end":{}}],"line":38},"2":{"loc":{"start":{"line":54,"column":8},"end":{"line":56,"column":9}},"type":"if","locations":[{"start":{"line":54,"column":8},"end":{"line":56,"column":9}},{"start":{},"end":{}}],"line":54},"3":{"loc":{"start":{"line":70,"column":8},"end":{"line":72,"column":9}},"type":"if","locations":[{"start":{"line":70,"column":8},"end":{"line":72,"column":9}},{"start":{},"end":{}}],"line":70}},"s":{"0":2,"1":2,"2":2,"3":2,"4":2,"5":1,"6":1,"7":1,"8":0,"9":2,"10":2,"11":2,"12":2,"13":2,"14":1,"15":1,"16":1,"17":2,"18":1,"19":1,"20":1,"21":1,"22":0,"23":1,"24":0,"25":2,"26":2,"27":2,"28":2,"29":2,"30":2,"31":1,"32":1,"33":1,"34":2,"35":2,"36":2,"37":2,"38":2,"39":2,"40":1,"41":1,"42":1,"43":2},"f":{"0":1,"1":2,"2":1,"3":2,"4":2},"b":{"0":[1,1],"1":[0,1],"2":[1,1],"3":[1,1]},"_coverageSchema":"1a1c01bbd47fc00a2c39e90264f33305004495a9","hash":"d78a54d3b53d826f9d9107c6789dd70cf6b90df8"}
}
